<?xml version="1.0" encoding="UTF-8"?>
<!-- Generated by org.testng.reporters.JUnitReportReporter -->
<testsuite hostname="DESKTOP-FGUCRA2" failures="1" tests="1" name="cucumberOptions.TestRunner" time="37.635" errors="0" timestamp="2024-11-01T02:33:00 IST" skipped="0">
  <testcase classname="cucumberOptions.TestRunner" name="runScenario" time="37.635">
    <failure message="expected [https://magento.softwaretestingboard.com/] but found [https://magento.softwaretestingboard.com/customer/account/]" type="java.lang.AssertionError">
      <![CDATA[java.lang.AssertionError: expected [https://magento.softwaretestingboard.com/] but found [https://magento.softwaretestingboard.com/customer/account/]
at org.testng.Assert.fail(Assert.java:110)
at org.testng.Assert.failNotEquals(Assert.java:1413)
at org.testng.Assert.assertEqualsImpl(Assert.java:149)
at org.testng.Assert.assertEquals(Assert.java:131)
at org.testng.Assert.assertEquals(Assert.java:655)
at org.testng.Assert.assertEquals(Assert.java:665)
at stepDefinitions.StepDefinitions.user_signed_in_successfully(StepDefinitions.java:94)
at âœ½.User signed in successfully(file:///C:/Users/AK/eclipse-workspace/MagentoTesting2/src/test/resource/features/createaccount.feature:10)
]]>
    </failure>
  </testcase> <!-- runScenario -->
  <system-out/>
</testsuite> <!-- cucumberOptions.TestRunner -->
